d:\ingenieria informática\graficos\1. resources\vc143.pdb
d:\ingenieria informática\graficos\1. resources\vc143.idb
d:\ingenieria informática\graficos\1. resources\main.obj
d:\ingenieria informática\graficos\1. resources\joc.obj
d:\ingenieria informática\graficos\1. resources\graphicmanager.obj
d:\ingenieria informática\graficos\1. resources\video.obj
d:\ingenieria informática\graficos\1. resources\stb_vorbis.obj
d:\ingenieria informática\graficos\1. resources\sprites.obj
d:\ingenieria informática\graficos\1. resources\sound.obj
d:\ingenieria informática\graficos\1. resources\sdl_fontcache.obj
d:\ingenieria informática\graficos\1. resources\nfont.obj
d:\ingenieria informática\graficos\1. resources\mouse.obj
d:\ingenieria informática\graficos\1. resources\keyboard.obj
d:\ingenieria informática\graficos\1. resources\image_png.obj
d:\ingenieria informática\graficos\1. resources\debug.obj
d:\ingenieria informática\graficos\2. platforms\0. windows desktop\\..\..\1. resources\mp_practica.vcxproj.filelistabsolute.txt
d:\ingenieria informática\graficos\1. resources\mp_practica.tlog\cl.command.1.tlog
d:\ingenieria informática\graficos\1. resources\mp_practica.tlog\cl.read.1.tlog
d:\ingenieria informática\graficos\1. resources\mp_practica.tlog\cl.write.1.tlog
d:\ingenieria informática\graficos\1. resources\mp_practica.tlog\link.command.1.tlog
d:\ingenieria informática\graficos\1. resources\mp_practica.tlog\link.read.1.tlog
d:\ingenieria informática\graficos\1. resources\mp_practica.tlog\link.write.1.tlog
